#! /usr/bin/vvp
:ivl_version "10.1 (stable)";
:ivl_delay_selection "TYPICAL";
:vpi_time_precision - 9;
:vpi_module "system";
:vpi_module "vhdl_sys";
:vpi_module "v2005_math";
:vpi_module "va_math";
S_0x55a84e1ade80 .scope module, "goldschmidt_tb" "goldschmidt_tb" 2 3;
 .timescale -9 -9;
v0x55a84e1d0b50_0 .var "a", 31 0;
v0x55a84e1d0c30_0 .var "b", 31 0;
v0x55a84e1d0d40_0 .net "busy", 0 0, v0x55a84e1ce810_0;  1 drivers
v0x55a84e1d0e30_0 .var "clk", 0 0;
v0x55a84e1d0f20_0 .var "clrn", 0 0;
v0x55a84e1d1060_0 .net "count", 2 0, v0x55a84e1cea50_0;  1 drivers
v0x55a84e1d1150_0 .net "q", 31 0, v0x55a84e1d07a0_0;  1 drivers
v0x55a84e1d1210_0 .net "ready", 0 0, v0x55a84e1cec10_0;  1 drivers
v0x55a84e1d1300_0 .var "start", 0 0;
S_0x55a84e1ae000 .scope module, "gs" "goldschmidt_divider" 2 9, 3 1 0, S_0x55a84e1ade80;
 .timescale -9 -9;
    .port_info 0 /INPUT 32 "a"
    .port_info 1 /INPUT 32 "b"
    .port_info 2 /INPUT 1 "start"
    .port_info 3 /INPUT 1 "clk"
    .port_info 4 /INPUT 1 "clrn"
    .port_info 5 /OUTPUT 32 "q"
    .port_info 6 /OUTPUT 1 "busy"
    .port_info 7 /OUTPUT 1 "ready"
    .port_info 8 /OUTPUT 3 "count"
L_0x7fe4634d3018 .functor BUFT 1, C4<11111>, C4<0>, C4<0>, C4<0>;
v0x55a84e1cfc70_0 .net/2u *"_s0", 4 0, L_0x7fe4634d3018;  1 drivers
v0x55a84e1cfd50_0 .net *"_s2", 4 0, L_0x55a84e1d13a0;  1 drivers
L_0x7fe4634d3060 .functor BUFT 1, C4<11111>, C4<0>, C4<0>, C4<0>;
v0x55a84e1cfe30_0 .net/2u *"_s6", 4 0, L_0x7fe4634d3060;  1 drivers
v0x55a84e1cfef0_0 .net *"_s8", 4 0, L_0x55a84e1d1620;  1 drivers
v0x55a84e1cffd0_0 .net "a", 31 0, v0x55a84e1d0b50_0;  1 drivers
v0x55a84e1d00e0_0 .net "a_in", 31 0, L_0x55a84e1d14e0;  1 drivers
v0x55a84e1d0180_0 .net "b", 31 0, v0x55a84e1d0c30_0;  1 drivers
v0x55a84e1d0220_0 .net "b_in", 31 0, L_0x55a84e1d1760;  1 drivers
v0x55a84e1d02c0_0 .net "busy", 0 0, v0x55a84e1ce810_0;  alias, 1 drivers
v0x55a84e1d0390_0 .net "clk", 0 0, v0x55a84e1d0e30_0;  1 drivers
v0x55a84e1d0460_0 .net "clrn", 0 0, v0x55a84e1d0f20_0;  1 drivers
v0x55a84e1d0530_0 .net "count", 2 0, v0x55a84e1cea50_0;  alias, 1 drivers
v0x55a84e1d0600_0 .net "msb_a", 4 0, v0x55a84e1cf700_0;  1 drivers
v0x55a84e1d06d0_0 .net "msb_b", 4 0, v0x55a84e1cfb30_0;  1 drivers
v0x55a84e1d07a0_0 .var "q", 31 0;
v0x55a84e1d0840_0 .net "q_out", 31 0, L_0x55a84e1e2640;  1 drivers
v0x55a84e1d0910_0 .net "ready", 0 0, v0x55a84e1cec10_0;  alias, 1 drivers
v0x55a84e1d09e0_0 .net "start", 0 0, v0x55a84e1d1300_0;  1 drivers
E_0x55a84e190140/0 .event edge, v0x55a84e1cf600_0, v0x55a84e1cfa30_0, v0x55a84e1ce650_0, v0x55a84e1ce730_0;
E_0x55a84e190140/1 .event edge, v0x55a84e1cf700_0, v0x55a84e1cfb30_0, v0x55a84e1ceb30_0;
E_0x55a84e190140 .event/or E_0x55a84e190140/0, E_0x55a84e190140/1;
L_0x55a84e1d13a0 .arith/sub 5, L_0x7fe4634d3018, v0x55a84e1cf700_0;
L_0x55a84e1d14e0 .shift/l 32, v0x55a84e1d0b50_0, L_0x55a84e1d13a0;
L_0x55a84e1d1620 .arith/sub 5, L_0x7fe4634d3060, v0x55a84e1cfb30_0;
L_0x55a84e1d1760 .shift/l 32, v0x55a84e1d0c30_0, L_0x55a84e1d1620;
S_0x55a84e1ae260 .scope module, "goldschmidt0" "goldschmidt" 3 21, 3 88 0, S_0x55a84e1ae000;
 .timescale -9 -9;
    .port_info 0 /INPUT 32 "a"
    .port_info 1 /INPUT 32 "b"
    .port_info 2 /INPUT 1 "start"
    .port_info 3 /INPUT 1 "clk"
    .port_info 4 /INPUT 1 "clrn"
    .port_info 5 /OUTPUT 32 "q"
    .port_info 6 /OUTPUT 1 "busy"
    .port_info 7 /OUTPUT 1 "ready"
    .port_info 8 /OUTPUT 3 "count"
L_0x55a84e1a8580 .functor NOT 64, v0x55a84e1cedb0_0, C4<0000000000000000000000000000000000000000000000000000000000000000>, C4<0000000000000000000000000000000000000000000000000000000000000000>, C4<0000000000000000000000000000000000000000000000000000000000000000>;
v0x55a84e1a6de0_0 .net *"_s0", 63 0, L_0x55a84e1a8580;  1 drivers
v0x55a84e1cd920_0 .net *"_s10", 127 0, L_0x55a84e1e1ba0;  1 drivers
L_0x7fe4634d3138 .functor BUFT 1, C4<0000000000000000000000000000000000000000000000000000000000000000>, C4<0>, C4<0>, C4<0>;
v0x55a84e1cda00_0 .net *"_s13", 63 0, L_0x7fe4634d3138;  1 drivers
v0x55a84e1cdac0_0 .net *"_s16", 127 0, L_0x55a84e1e1e70;  1 drivers
L_0x7fe4634d3180 .functor BUFT 1, C4<0000000000000000000000000000000000000000000000000000000000000000>, C4<0>, C4<0>, C4<0>;
v0x55a84e1cdba0_0 .net *"_s19", 63 0, L_0x7fe4634d3180;  1 drivers
L_0x7fe4634d30a8 .functor BUFT 1, C4<0000000000000000000000000000000000000000000000000000000000000001>, C4<0>, C4<0>, C4<0>;
v0x55a84e1cdcd0_0 .net/2u *"_s2", 63 0, L_0x7fe4634d30a8;  1 drivers
v0x55a84e1cddb0_0 .net *"_s20", 127 0, L_0x55a84e1e1fb0;  1 drivers
L_0x7fe4634d31c8 .functor BUFT 1, C4<0000000000000000000000000000000000000000000000000000000000000000>, C4<0>, C4<0>, C4<0>;
v0x55a84e1cde90_0 .net *"_s23", 63 0, L_0x7fe4634d31c8;  1 drivers
v0x55a84e1cdf70_0 .net *"_s27", 31 0, L_0x55a84e1e2220;  1 drivers
v0x55a84e1ce050_0 .net *"_s29", 2 0, L_0x55a84e1e2360;  1 drivers
v0x55a84e1ce130_0 .net *"_s31", 0 0, L_0x55a84e1e2400;  1 drivers
v0x55a84e1ce1f0_0 .net *"_s32", 31 0, L_0x55a84e1e2550;  1 drivers
L_0x7fe4634d3210 .functor BUFT 1, C4<0000000000000000000000000000000>, C4<0>, C4<0>, C4<0>;
v0x55a84e1ce2d0_0 .net *"_s35", 30 0, L_0x7fe4634d3210;  1 drivers
v0x55a84e1ce3b0_0 .net *"_s39", 31 0, L_0x55a84e1e2840;  1 drivers
v0x55a84e1ce490_0 .net *"_s6", 127 0, L_0x55a84e1e1ab0;  1 drivers
L_0x7fe4634d30f0 .functor BUFT 1, C4<0000000000000000000000000000000000000000000000000000000000000000>, C4<0>, C4<0>, C4<0>;
v0x55a84e1ce570_0 .net *"_s9", 63 0, L_0x7fe4634d30f0;  1 drivers
v0x55a84e1ce650_0 .net "a", 31 0, L_0x55a84e1d14e0;  alias, 1 drivers
v0x55a84e1ce730_0 .net "b", 31 0, L_0x55a84e1d1760;  alias, 1 drivers
v0x55a84e1ce810_0 .var "busy", 0 0;
v0x55a84e1ce8d0_0 .net "clk", 0 0, v0x55a84e1d0e30_0;  alias, 1 drivers
v0x55a84e1ce990_0 .net "clrn", 0 0, v0x55a84e1d0f20_0;  alias, 1 drivers
v0x55a84e1cea50_0 .var "count", 2 0;
v0x55a84e1ceb30_0 .net "q", 31 0, L_0x55a84e1e2640;  alias, 1 drivers
v0x55a84e1cec10_0 .var "ready", 0 0;
v0x55a84e1cecd0_0 .var "reg_a", 63 0;
v0x55a84e1cedb0_0 .var "reg_b", 63 0;
v0x55a84e1cee90_0 .net "start", 0 0, v0x55a84e1d1300_0;  alias, 1 drivers
v0x55a84e1cef50_0 .net "two_minus_yi", 63 0, L_0x55a84e1e1900;  1 drivers
v0x55a84e1cf030_0 .net "xi", 127 0, L_0x55a84e1e1d30;  1 drivers
v0x55a84e1cf110_0 .net "yi", 127 0, L_0x55a84e1e20e0;  1 drivers
v0x55a84e1cf1f0_0 .net "yn", 0 0, L_0x55a84e1e28e0;  1 drivers
E_0x55a84e148ad0/0 .event negedge, v0x55a84e1ce990_0;
E_0x55a84e148ad0/1 .event posedge, v0x55a84e1ce8d0_0;
E_0x55a84e148ad0 .event/or E_0x55a84e148ad0/0, E_0x55a84e148ad0/1;
L_0x55a84e1e1900 .arith/sum 64, L_0x55a84e1a8580, L_0x7fe4634d30a8;
L_0x55a84e1e1ab0 .concat [ 64 64 0 0], v0x55a84e1cecd0_0, L_0x7fe4634d30f0;
L_0x55a84e1e1ba0 .concat [ 64 64 0 0], L_0x55a84e1e1900, L_0x7fe4634d3138;
L_0x55a84e1e1d30 .arith/mult 128, L_0x55a84e1e1ab0, L_0x55a84e1e1ba0;
L_0x55a84e1e1e70 .concat [ 64 64 0 0], v0x55a84e1cedb0_0, L_0x7fe4634d3180;
L_0x55a84e1e1fb0 .concat [ 64 64 0 0], L_0x55a84e1e1900, L_0x7fe4634d31c8;
L_0x55a84e1e20e0 .arith/mult 128, L_0x55a84e1e1e70, L_0x55a84e1e1fb0;
L_0x55a84e1e2220 .part v0x55a84e1cecd0_0, 32, 32;
L_0x55a84e1e2360 .part v0x55a84e1cecd0_0, 29, 3;
L_0x55a84e1e2400 .reduce/or L_0x55a84e1e2360;
L_0x55a84e1e2550 .concat [ 1 31 0 0], L_0x55a84e1e2400, L_0x7fe4634d3210;
L_0x55a84e1e2640 .arith/sum 32, L_0x55a84e1e2220, L_0x55a84e1e2550;
L_0x55a84e1e2840 .part v0x55a84e1cedb0_0, 31, 32;
L_0x55a84e1e28e0 .part L_0x55a84e1e2840, 0, 1;
S_0x55a84e1cf3d0 .scope module, "most_significant_bit_a" "most_significant_bit" 3 11, 3 44 0, S_0x55a84e1ae000;
 .timescale -9 -9;
    .port_info 0 /INPUT 32 "a"
    .port_info 1 /OUTPUT 5 "b"
v0x55a84e1cf600_0 .net "a", 31 0, v0x55a84e1d0b50_0;  alias, 1 drivers
v0x55a84e1cf700_0 .var "b", 4 0;
E_0x55a84e190660 .event edge, v0x55a84e1cf600_0;
S_0x55a84e1cf840 .scope module, "most_significant_bit_b" "most_significant_bit" 3 12, 3 44 0, S_0x55a84e1ae000;
 .timescale -9 -9;
    .port_info 0 /INPUT 32 "a"
    .port_info 1 /OUTPUT 5 "b"
v0x55a84e1cfa30_0 .net "a", 31 0, v0x55a84e1d0c30_0;  alias, 1 drivers
v0x55a84e1cfb30_0 .var "b", 4 0;
E_0x55a84e1913a0 .event edge, v0x55a84e1cfa30_0;
    .scope S_0x55a84e1cf3d0;
T_0 ;
    %wait E_0x55a84e190660;
    %load/vec4 v0x55a84e1cf600_0;
    %dup/vec4;
    %pushi/vec4 4294967295, 2147483647, 32;
    %cmp/x;
    %jmp/1 T_0.0, 4;
    %dup/vec4;
    %pushi/vec4 2147483647, 1073741823, 32;
    %cmp/x;
    %jmp/1 T_0.1, 4;
    %dup/vec4;
    %pushi/vec4 1073741823, 536870911, 32;
    %cmp/x;
    %jmp/1 T_0.2, 4;
    %dup/vec4;
    %pushi/vec4 536870911, 268435455, 32;
    %cmp/x;
    %jmp/1 T_0.3, 4;
    %dup/vec4;
    %pushi/vec4 268435455, 134217727, 32;
    %cmp/x;
    %jmp/1 T_0.4, 4;
    %dup/vec4;
    %pushi/vec4 134217727, 67108863, 32;
    %cmp/x;
    %jmp/1 T_0.5, 4;
    %dup/vec4;
    %pushi/vec4 67108863, 33554431, 32;
    %cmp/x;
    %jmp/1 T_0.6, 4;
    %dup/vec4;
    %pushi/vec4 33554431, 16777215, 32;
    %cmp/x;
    %jmp/1 T_0.7, 4;
    %dup/vec4;
    %pushi/vec4 16777215, 8388607, 32;
    %cmp/x;
    %jmp/1 T_0.8, 4;
    %dup/vec4;
    %pushi/vec4 8388607, 4194303, 32;
    %cmp/x;
    %jmp/1 T_0.9, 4;
    %dup/vec4;
    %pushi/vec4 4194303, 2097151, 32;
    %cmp/x;
    %jmp/1 T_0.10, 4;
    %dup/vec4;
    %pushi/vec4 2097151, 1048575, 32;
    %cmp/x;
    %jmp/1 T_0.11, 4;
    %dup/vec4;
    %pushi/vec4 1048575, 524287, 32;
    %cmp/x;
    %jmp/1 T_0.12, 4;
    %dup/vec4;
    %pushi/vec4 524287, 262143, 32;
    %cmp/x;
    %jmp/1 T_0.13, 4;
    %dup/vec4;
    %pushi/vec4 262143, 131071, 32;
    %cmp/x;
    %jmp/1 T_0.14, 4;
    %dup/vec4;
    %pushi/vec4 131071, 65535, 32;
    %cmp/x;
    %jmp/1 T_0.15, 4;
    %dup/vec4;
    %pushi/vec4 65535, 32767, 32;
    %cmp/x;
    %jmp/1 T_0.16, 4;
    %dup/vec4;
    %pushi/vec4 32767, 16383, 32;
    %cmp/x;
    %jmp/1 T_0.17, 4;
    %dup/vec4;
    %pushi/vec4 16383, 8191, 32;
    %cmp/x;
    %jmp/1 T_0.18, 4;
    %dup/vec4;
    %pushi/vec4 8191, 4095, 32;
    %cmp/x;
    %jmp/1 T_0.19, 4;
    %dup/vec4;
    %pushi/vec4 4095, 2047, 32;
    %cmp/x;
    %jmp/1 T_0.20, 4;
    %dup/vec4;
    %pushi/vec4 2047, 1023, 32;
    %cmp/x;
    %jmp/1 T_0.21, 4;
    %dup/vec4;
    %pushi/vec4 1023, 511, 32;
    %cmp/x;
    %jmp/1 T_0.22, 4;
    %dup/vec4;
    %pushi/vec4 511, 255, 32;
    %cmp/x;
    %jmp/1 T_0.23, 4;
    %dup/vec4;
    %pushi/vec4 255, 127, 32;
    %cmp/x;
    %jmp/1 T_0.24, 4;
    %dup/vec4;
    %pushi/vec4 127, 63, 32;
    %cmp/x;
    %jmp/1 T_0.25, 4;
    %dup/vec4;
    %pushi/vec4 63, 31, 32;
    %cmp/x;
    %jmp/1 T_0.26, 4;
    %dup/vec4;
    %pushi/vec4 31, 15, 32;
    %cmp/x;
    %jmp/1 T_0.27, 4;
    %dup/vec4;
    %pushi/vec4 15, 7, 32;
    %cmp/x;
    %jmp/1 T_0.28, 4;
    %dup/vec4;
    %pushi/vec4 7, 3, 32;
    %cmp/x;
    %jmp/1 T_0.29, 4;
    %dup/vec4;
    %pushi/vec4 3, 1, 32;
    %cmp/x;
    %jmp/1 T_0.30, 4;
    %dup/vec4;
    %pushi/vec4 1, 0, 32;
    %cmp/x;
    %jmp/1 T_0.31, 4;
    %pushi/vec4 0, 0, 5;
    %store/vec4 v0x55a84e1cf700_0, 0, 5;
    %jmp T_0.33;
T_0.0 ;
    %pushi/vec4 31, 0, 5;
    %store/vec4 v0x55a84e1cf700_0, 0, 5;
    %jmp T_0.33;
T_0.1 ;
    %pushi/vec4 30, 0, 5;
    %store/vec4 v0x55a84e1cf700_0, 0, 5;
    %jmp T_0.33;
T_0.2 ;
    %pushi/vec4 29, 0, 5;
    %store/vec4 v0x55a84e1cf700_0, 0, 5;
    %jmp T_0.33;
T_0.3 ;
    %pushi/vec4 28, 0, 5;
    %store/vec4 v0x55a84e1cf700_0, 0, 5;
    %jmp T_0.33;
T_0.4 ;
    %pushi/vec4 27, 0, 5;
    %store/vec4 v0x55a84e1cf700_0, 0, 5;
    %jmp T_0.33;
T_0.5 ;
    %pushi/vec4 26, 0, 5;
    %store/vec4 v0x55a84e1cf700_0, 0, 5;
    %jmp T_0.33;
T_0.6 ;
    %pushi/vec4 25, 0, 5;
    %store/vec4 v0x55a84e1cf700_0, 0, 5;
    %jmp T_0.33;
T_0.7 ;
    %pushi/vec4 24, 0, 5;
    %store/vec4 v0x55a84e1cf700_0, 0, 5;
    %jmp T_0.33;
T_0.8 ;
    %pushi/vec4 23, 0, 5;
    %store/vec4 v0x55a84e1cf700_0, 0, 5;
    %jmp T_0.33;
T_0.9 ;
    %pushi/vec4 22, 0, 5;
    %store/vec4 v0x55a84e1cf700_0, 0, 5;
    %jmp T_0.33;
T_0.10 ;
    %pushi/vec4 21, 0, 5;
    %store/vec4 v0x55a84e1cf700_0, 0, 5;
    %jmp T_0.33;
T_0.11 ;
    %pushi/vec4 20, 0, 5;
    %store/vec4 v0x55a84e1cf700_0, 0, 5;
    %jmp T_0.33;
T_0.12 ;
    %pushi/vec4 19, 0, 5;
    %store/vec4 v0x55a84e1cf700_0, 0, 5;
    %jmp T_0.33;
T_0.13 ;
    %pushi/vec4 18, 0, 5;
    %store/vec4 v0x55a84e1cf700_0, 0, 5;
    %jmp T_0.33;
T_0.14 ;
    %pushi/vec4 17, 0, 5;
    %store/vec4 v0x55a84e1cf700_0, 0, 5;
    %jmp T_0.33;
T_0.15 ;
    %pushi/vec4 16, 0, 5;
    %store/vec4 v0x55a84e1cf700_0, 0, 5;
    %jmp T_0.33;
T_0.16 ;
    %pushi/vec4 15, 0, 5;
    %store/vec4 v0x55a84e1cf700_0, 0, 5;
    %jmp T_0.33;
T_0.17 ;
    %pushi/vec4 14, 0, 5;
    %store/vec4 v0x55a84e1cf700_0, 0, 5;
    %jmp T_0.33;
T_0.18 ;
    %pushi/vec4 13, 0, 5;
    %store/vec4 v0x55a84e1cf700_0, 0, 5;
    %jmp T_0.33;
T_0.19 ;
    %pushi/vec4 12, 0, 5;
    %store/vec4 v0x55a84e1cf700_0, 0, 5;
    %jmp T_0.33;
T_0.20 ;
    %pushi/vec4 11, 0, 5;
    %store/vec4 v0x55a84e1cf700_0, 0, 5;
    %jmp T_0.33;
T_0.21 ;
    %pushi/vec4 10, 0, 5;
    %store/vec4 v0x55a84e1cf700_0, 0, 5;
    %jmp T_0.33;
T_0.22 ;
    %pushi/vec4 9, 0, 5;
    %store/vec4 v0x55a84e1cf700_0, 0, 5;
    %jmp T_0.33;
T_0.23 ;
    %pushi/vec4 8, 0, 5;
    %store/vec4 v0x55a84e1cf700_0, 0, 5;
    %jmp T_0.33;
T_0.24 ;
    %pushi/vec4 7, 0, 5;
    %store/vec4 v0x55a84e1cf700_0, 0, 5;
    %jmp T_0.33;
T_0.25 ;
    %pushi/vec4 6, 0, 5;
    %store/vec4 v0x55a84e1cf700_0, 0, 5;
    %jmp T_0.33;
T_0.26 ;
    %pushi/vec4 5, 0, 5;
    %store/vec4 v0x55a84e1cf700_0, 0, 5;
    %jmp T_0.33;
T_0.27 ;
    %pushi/vec4 4, 0, 5;
    %store/vec4 v0x55a84e1cf700_0, 0, 5;
    %jmp T_0.33;
T_0.28 ;
    %pushi/vec4 3, 0, 5;
    %store/vec4 v0x55a84e1cf700_0, 0, 5;
    %jmp T_0.33;
T_0.29 ;
    %pushi/vec4 2, 0, 5;
    %store/vec4 v0x55a84e1cf700_0, 0, 5;
    %jmp T_0.33;
T_0.30 ;
    %pushi/vec4 1, 0, 5;
    %store/vec4 v0x55a84e1cf700_0, 0, 5;
    %jmp T_0.33;
T_0.31 ;
    %pushi/vec4 0, 0, 5;
    %store/vec4 v0x55a84e1cf700_0, 0, 5;
    %jmp T_0.33;
T_0.33 ;
    %pop/vec4 1;
    %jmp T_0;
    .thread T_0, $push;
    .scope S_0x55a84e1cf840;
T_1 ;
    %wait E_0x55a84e1913a0;
    %load/vec4 v0x55a84e1cfa30_0;
    %dup/vec4;
    %pushi/vec4 4294967295, 2147483647, 32;
    %cmp/x;
    %jmp/1 T_1.0, 4;
    %dup/vec4;
    %pushi/vec4 2147483647, 1073741823, 32;
    %cmp/x;
    %jmp/1 T_1.1, 4;
    %dup/vec4;
    %pushi/vec4 1073741823, 536870911, 32;
    %cmp/x;
    %jmp/1 T_1.2, 4;
    %dup/vec4;
    %pushi/vec4 536870911, 268435455, 32;
    %cmp/x;
    %jmp/1 T_1.3, 4;
    %dup/vec4;
    %pushi/vec4 268435455, 134217727, 32;
    %cmp/x;
    %jmp/1 T_1.4, 4;
    %dup/vec4;
    %pushi/vec4 134217727, 67108863, 32;
    %cmp/x;
    %jmp/1 T_1.5, 4;
    %dup/vec4;
    %pushi/vec4 67108863, 33554431, 32;
    %cmp/x;
    %jmp/1 T_1.6, 4;
    %dup/vec4;
    %pushi/vec4 33554431, 16777215, 32;
    %cmp/x;
    %jmp/1 T_1.7, 4;
    %dup/vec4;
    %pushi/vec4 16777215, 8388607, 32;
    %cmp/x;
    %jmp/1 T_1.8, 4;
    %dup/vec4;
    %pushi/vec4 8388607, 4194303, 32;
    %cmp/x;
    %jmp/1 T_1.9, 4;
    %dup/vec4;
    %pushi/vec4 4194303, 2097151, 32;
    %cmp/x;
    %jmp/1 T_1.10, 4;
    %dup/vec4;
    %pushi/vec4 2097151, 1048575, 32;
    %cmp/x;
    %jmp/1 T_1.11, 4;
    %dup/vec4;
    %pushi/vec4 1048575, 524287, 32;
    %cmp/x;
    %jmp/1 T_1.12, 4;
    %dup/vec4;
    %pushi/vec4 524287, 262143, 32;
    %cmp/x;
    %jmp/1 T_1.13, 4;
    %dup/vec4;
    %pushi/vec4 262143, 131071, 32;
    %cmp/x;
    %jmp/1 T_1.14, 4;
    %dup/vec4;
    %pushi/vec4 131071, 65535, 32;
    %cmp/x;
    %jmp/1 T_1.15, 4;
    %dup/vec4;
    %pushi/vec4 65535, 32767, 32;
    %cmp/x;
    %jmp/1 T_1.16, 4;
    %dup/vec4;
    %pushi/vec4 32767, 16383, 32;
    %cmp/x;
    %jmp/1 T_1.17, 4;
    %dup/vec4;
    %pushi/vec4 16383, 8191, 32;
    %cmp/x;
    %jmp/1 T_1.18, 4;
    %dup/vec4;
    %pushi/vec4 8191, 4095, 32;
    %cmp/x;
    %jmp/1 T_1.19, 4;
    %dup/vec4;
    %pushi/vec4 4095, 2047, 32;
    %cmp/x;
    %jmp/1 T_1.20, 4;
    %dup/vec4;
    %pushi/vec4 2047, 1023, 32;
    %cmp/x;
    %jmp/1 T_1.21, 4;
    %dup/vec4;
    %pushi/vec4 1023, 511, 32;
    %cmp/x;
    %jmp/1 T_1.22, 4;
    %dup/vec4;
    %pushi/vec4 511, 255, 32;
    %cmp/x;
    %jmp/1 T_1.23, 4;
    %dup/vec4;
    %pushi/vec4 255, 127, 32;
    %cmp/x;
    %jmp/1 T_1.24, 4;
    %dup/vec4;
    %pushi/vec4 127, 63, 32;
    %cmp/x;
    %jmp/1 T_1.25, 4;
    %dup/vec4;
    %pushi/vec4 63, 31, 32;
    %cmp/x;
    %jmp/1 T_1.26, 4;
    %dup/vec4;
    %pushi/vec4 31, 15, 32;
    %cmp/x;
    %jmp/1 T_1.27, 4;
    %dup/vec4;
    %pushi/vec4 15, 7, 32;
    %cmp/x;
    %jmp/1 T_1.28, 4;
    %dup/vec4;
    %pushi/vec4 7, 3, 32;
    %cmp/x;
    %jmp/1 T_1.29, 4;
    %dup/vec4;
    %pushi/vec4 3, 1, 32;
    %cmp/x;
    %jmp/1 T_1.30, 4;
    %dup/vec4;
    %pushi/vec4 1, 0, 32;
    %cmp/x;
    %jmp/1 T_1.31, 4;
    %pushi/vec4 0, 0, 5;
    %store/vec4 v0x55a84e1cfb30_0, 0, 5;
    %jmp T_1.33;
T_1.0 ;
    %pushi/vec4 31, 0, 5;
    %store/vec4 v0x55a84e1cfb30_0, 0, 5;
    %jmp T_1.33;
T_1.1 ;
    %pushi/vec4 30, 0, 5;
    %store/vec4 v0x55a84e1cfb30_0, 0, 5;
    %jmp T_1.33;
T_1.2 ;
    %pushi/vec4 29, 0, 5;
    %store/vec4 v0x55a84e1cfb30_0, 0, 5;
    %jmp T_1.33;
T_1.3 ;
    %pushi/vec4 28, 0, 5;
    %store/vec4 v0x55a84e1cfb30_0, 0, 5;
    %jmp T_1.33;
T_1.4 ;
    %pushi/vec4 27, 0, 5;
    %store/vec4 v0x55a84e1cfb30_0, 0, 5;
    %jmp T_1.33;
T_1.5 ;
    %pushi/vec4 26, 0, 5;
    %store/vec4 v0x55a84e1cfb30_0, 0, 5;
    %jmp T_1.33;
T_1.6 ;
    %pushi/vec4 25, 0, 5;
    %store/vec4 v0x55a84e1cfb30_0, 0, 5;
    %jmp T_1.33;
T_1.7 ;
    %pushi/vec4 24, 0, 5;
    %store/vec4 v0x55a84e1cfb30_0, 0, 5;
    %jmp T_1.33;
T_1.8 ;
    %pushi/vec4 23, 0, 5;
    %store/vec4 v0x55a84e1cfb30_0, 0, 5;
    %jmp T_1.33;
T_1.9 ;
    %pushi/vec4 22, 0, 5;
    %store/vec4 v0x55a84e1cfb30_0, 0, 5;
    %jmp T_1.33;
T_1.10 ;
    %pushi/vec4 21, 0, 5;
    %store/vec4 v0x55a84e1cfb30_0, 0, 5;
    %jmp T_1.33;
T_1.11 ;
    %pushi/vec4 20, 0, 5;
    %store/vec4 v0x55a84e1cfb30_0, 0, 5;
    %jmp T_1.33;
T_1.12 ;
    %pushi/vec4 19, 0, 5;
    %store/vec4 v0x55a84e1cfb30_0, 0, 5;
    %jmp T_1.33;
T_1.13 ;
    %pushi/vec4 18, 0, 5;
    %store/vec4 v0x55a84e1cfb30_0, 0, 5;
    %jmp T_1.33;
T_1.14 ;
    %pushi/vec4 17, 0, 5;
    %store/vec4 v0x55a84e1cfb30_0, 0, 5;
    %jmp T_1.33;
T_1.15 ;
    %pushi/vec4 16, 0, 5;
    %store/vec4 v0x55a84e1cfb30_0, 0, 5;
    %jmp T_1.33;
T_1.16 ;
    %pushi/vec4 15, 0, 5;
    %store/vec4 v0x55a84e1cfb30_0, 0, 5;
    %jmp T_1.33;
T_1.17 ;
    %pushi/vec4 14, 0, 5;
    %store/vec4 v0x55a84e1cfb30_0, 0, 5;
    %jmp T_1.33;
T_1.18 ;
    %pushi/vec4 13, 0, 5;
    %store/vec4 v0x55a84e1cfb30_0, 0, 5;
    %jmp T_1.33;
T_1.19 ;
    %pushi/vec4 12, 0, 5;
    %store/vec4 v0x55a84e1cfb30_0, 0, 5;
    %jmp T_1.33;
T_1.20 ;
    %pushi/vec4 11, 0, 5;
    %store/vec4 v0x55a84e1cfb30_0, 0, 5;
    %jmp T_1.33;
T_1.21 ;
    %pushi/vec4 10, 0, 5;
    %store/vec4 v0x55a84e1cfb30_0, 0, 5;
    %jmp T_1.33;
T_1.22 ;
    %pushi/vec4 9, 0, 5;
    %store/vec4 v0x55a84e1cfb30_0, 0, 5;
    %jmp T_1.33;
T_1.23 ;
    %pushi/vec4 8, 0, 5;
    %store/vec4 v0x55a84e1cfb30_0, 0, 5;
    %jmp T_1.33;
T_1.24 ;
    %pushi/vec4 7, 0, 5;
    %store/vec4 v0x55a84e1cfb30_0, 0, 5;
    %jmp T_1.33;
T_1.25 ;
    %pushi/vec4 6, 0, 5;
    %store/vec4 v0x55a84e1cfb30_0, 0, 5;
    %jmp T_1.33;
T_1.26 ;
    %pushi/vec4 5, 0, 5;
    %store/vec4 v0x55a84e1cfb30_0, 0, 5;
    %jmp T_1.33;
T_1.27 ;
    %pushi/vec4 4, 0, 5;
    %store/vec4 v0x55a84e1cfb30_0, 0, 5;
    %jmp T_1.33;
T_1.28 ;
    %pushi/vec4 3, 0, 5;
    %store/vec4 v0x55a84e1cfb30_0, 0, 5;
    %jmp T_1.33;
T_1.29 ;
    %pushi/vec4 2, 0, 5;
    %store/vec4 v0x55a84e1cfb30_0, 0, 5;
    %jmp T_1.33;
T_1.30 ;
    %pushi/vec4 1, 0, 5;
    %store/vec4 v0x55a84e1cfb30_0, 0, 5;
    %jmp T_1.33;
T_1.31 ;
    %pushi/vec4 0, 0, 5;
    %store/vec4 v0x55a84e1cfb30_0, 0, 5;
    %jmp T_1.33;
T_1.33 ;
    %pop/vec4 1;
    %jmp T_1;
    .thread T_1, $push;
    .scope S_0x55a84e1ae260;
T_2 ;
    %wait E_0x55a84e148ad0;
    %load/vec4 v0x55a84e1ce990_0;
    %nor/r;
    %flag_set/vec4 8;
    %jmp/0xz  T_2.0, 8;
    %pushi/vec4 0, 0, 1;
    %assign/vec4 v0x55a84e1ce810_0, 0;
    %pushi/vec4 0, 0, 1;
    %assign/vec4 v0x55a84e1cec10_0, 0;
    %jmp T_2.1;
T_2.0 ;
    %load/vec4 v0x55a84e1cee90_0;
    %flag_set/vec4 8;
    %jmp/0xz  T_2.2, 8;
    %pushi/vec4 0, 0, 1;
    %load/vec4 v0x55a84e1ce650_0;
    %concat/vec4; draw_concat_vec4
    %concati/vec4 0, 0, 31;
    %assign/vec4 v0x55a84e1cecd0_0, 0;
    %pushi/vec4 0, 0, 1;
    %load/vec4 v0x55a84e1ce730_0;
    %concat/vec4; draw_concat_vec4
    %concati/vec4 0, 0, 31;
    %assign/vec4 v0x55a84e1cedb0_0, 0;
    %pushi/vec4 1, 0, 1;
    %assign/vec4 v0x55a84e1ce810_0, 0;
    %pushi/vec4 0, 0, 1;
    %assign/vec4 v0x55a84e1cec10_0, 0;
    %pushi/vec4 0, 0, 3;
    %assign/vec4 v0x55a84e1cea50_0, 0;
    %jmp T_2.3;
T_2.2 ;
    %load/vec4 v0x55a84e1cf030_0;
    %parti/s 64, 63, 7;
    %assign/vec4 v0x55a84e1cecd0_0, 0;
    %load/vec4 v0x55a84e1cf110_0;
    %parti/s 64, 63, 7;
    %assign/vec4 v0x55a84e1cedb0_0, 0;
    %load/vec4 v0x55a84e1cea50_0;
    %addi 1, 0, 3;
    %assign/vec4 v0x55a84e1cea50_0, 0;
    %load/vec4 v0x55a84e1cea50_0;
    %cmpi/e 4, 0, 3;
    %jmp/0xz  T_2.4, 4;
    %pushi/vec4 0, 0, 1;
    %assign/vec4 v0x55a84e1ce810_0, 0;
    %pushi/vec4 1, 0, 1;
    %assign/vec4 v0x55a84e1cec10_0, 0;
T_2.4 ;
T_2.3 ;
T_2.1 ;
    %jmp T_2;
    .thread T_2;
    .scope S_0x55a84e1ae000;
T_3 ;
    %wait E_0x55a84e190140;
    %load/vec4 v0x55a84e1cffd0_0;
    %cmpi/e 0, 0, 32;
    %flag_mov 8, 4;
    %load/vec4 v0x55a84e1cffd0_0;
    %load/vec4 v0x55a84e1d0180_0;
    %cmp/u;
    %flag_or 5, 8;
    %jmp/0xz  T_3.0, 5;
    %pushi/vec4 0, 0, 32;
    %assign/vec4 v0x55a84e1d07a0_0, 0;
    %jmp T_3.1;
T_3.0 ;
    %load/vec4 v0x55a84e1cffd0_0;
    %cmpi/e 1, 0, 32;
    %jmp/0xz  T_3.2, 4;
    %load/vec4 v0x55a84e1d0180_0;
    %cmpi/e 1, 0, 32;
    %jmp/0xz  T_3.4, 4;
    %pushi/vec4 1, 0, 32;
    %assign/vec4 v0x55a84e1d07a0_0, 0;
    %jmp T_3.5;
T_3.4 ;
    %pushi/vec4 0, 0, 32;
    %assign/vec4 v0x55a84e1d07a0_0, 0;
T_3.5 ;
    %jmp T_3.3;
T_3.2 ;
    %load/vec4 v0x55a84e1d00e0_0;
    %load/vec4 v0x55a84e1d0220_0;
    %cmp/e;
    %jmp/0xz  T_3.6, 4;
    %pushi/vec4 1, 0, 32;
    %load/vec4 v0x55a84e1d0600_0;
    %load/vec4 v0x55a84e1d06d0_0;
    %sub;
    %ix/vec4 4;
    %shiftl 4;
    %assign/vec4 v0x55a84e1d07a0_0, 0;
    %jmp T_3.7;
T_3.6 ;
    %load/vec4 v0x55a84e1d0840_0;
    %pushi/vec4 31, 0, 5;
    %load/vec4 v0x55a84e1d0600_0;
    %load/vec4 v0x55a84e1d06d0_0;
    %sub;
    %sub;
    %ix/vec4 4;
    %shiftr 4;
    %assign/vec4 v0x55a84e1d07a0_0, 0;
T_3.7 ;
T_3.3 ;
T_3.1 ;
    %jmp T_3;
    .thread T_3, $push;
    .scope S_0x55a84e1ade80;
T_4 ;
    %pushi/vec4 121, 0, 32;
    %store/vec4 v0x55a84e1d0b50_0, 0, 32;
    %pushi/vec4 17, 0, 32;
    %store/vec4 v0x55a84e1d0c30_0, 0, 32;
    %pushi/vec4 0, 0, 1;
    %store/vec4 v0x55a84e1d1300_0, 0, 1;
    %pushi/vec4 1, 0, 1;
    %store/vec4 v0x55a84e1d0e30_0, 0, 1;
    %pushi/vec4 0, 0, 1;
    %store/vec4 v0x55a84e1d0f20_0, 0, 1;
    %delay 1, 0;
    %pushi/vec4 1, 0, 1;
    %store/vec4 v0x55a84e1d0f20_0, 0, 1;
    %pushi/vec4 1, 0, 1;
    %store/vec4 v0x55a84e1d1300_0, 0, 1;
    %delay 1, 0;
    %pushi/vec4 1, 0, 1;
    %store/vec4 v0x55a84e1d1300_0, 0, 1;
    %delay 1, 0;
    %pushi/vec4 0, 0, 1;
    %store/vec4 v0x55a84e1d1300_0, 0, 1;
    %delay 16, 0;
    %vpi_call 2 20 "$finish" {0 0 0};
    %end;
    .thread T_4;
    .scope S_0x55a84e1ade80;
T_5 ;
    %vpi_call 2 23 "$dumpfile", "goldschmidt.vcd" {0 0 0};
    %vpi_call 2 24 "$dumpvars" {0 0 0};
    %end;
    .thread T_5;
    .scope S_0x55a84e1ade80;
T_6 ;
    %delay 1, 0;
    %load/vec4 v0x55a84e1d0e30_0;
    %nor/r;
    %store/vec4 v0x55a84e1d0e30_0, 0, 1;
    %jmp T_6;
    .thread T_6;
# The file index is used to find the file name in the following table.
:file_names 4;
    "N/A";
    "<interactive>";
    "goldschmidt_tb.v";
    "goldschmidt.v";
